<?xml version="1.0" encoding="UTF-8"?>
<testng-results skipped="0" failed="0" ignored="0" total="2" passed="2">
  <reporter-output>
  </reporter-output>
  <suite name="Default suite" duration-ms="130" started-at="2018-08-13T09:48:24Z" finished-at="2018-08-13T09:48:24Z">
    <groups>
    </groups>
    <test name="Default test" duration-ms="130" started-at="2018-08-13T09:48:24Z" finished-at="2018-08-13T09:48:24Z">
      <class name="MainScript.Class_1">
        <test-method status="PASS" signature="beforeSuite()[pri:0, instance:MainScript.Class_1@77f99a05]" name="beforeSuite" is-config="true" duration-ms="33" started-at="2018-08-13T09:48:24Z" finished-at="2018-08-13T09:48:24Z">
          <reporter-output>
          </reporter-output>
        </test-method> <!-- beforeSuite -->
        <test-method status="PASS" signature="beforeTest()[pri:0, instance:MainScript.Class_1@77f99a05]" name="beforeTest" is-config="true" duration-ms="1" started-at="2018-08-13T09:48:24Z" finished-at="2018-08-13T09:48:24Z">
          <reporter-output>
          </reporter-output>
        </test-method> <!-- beforeTest -->
        <test-method status="PASS" signature="beforeClass()[pri:0, instance:MainScript.Class_1@77f99a05]" name="beforeClass" is-config="true" duration-ms="0" started-at="2018-08-13T09:48:24Z" finished-at="2018-08-13T09:48:24Z">
          <reporter-output>
          </reporter-output>
        </test-method> <!-- beforeClass -->
        <test-method status="PASS" signature="beforeMethod()[pri:0, instance:MainScript.Class_1@77f99a05]" name="beforeMethod" is-config="true" duration-ms="1" started-at="2018-08-13T09:48:24Z" finished-at="2018-08-13T09:48:24Z">
          <reporter-output>
          </reporter-output>
        </test-method> <!-- beforeMethod -->
        <test-method status="PASS" signature="f(java.lang.Integer, java.lang.String)[pri:0, instance:MainScript.Class_1@77f99a05]" name="f" duration-ms="11" started-at="2018-08-13T09:48:24Z" data-provider="dp" finished-at="2018-08-13T09:48:24Z">
          <params>
            <param index="0">
              <value>
                <![CDATA[1]]>
              </value>
            </param>
            <param index="1">
              <value>
                <![CDATA[a]]>
              </value>
            </param>
          </params>
          <reporter-output>
          </reporter-output>
        </test-method> <!-- f -->
        <test-method status="PASS" signature="afterMethod()[pri:0, instance:MainScript.Class_1@77f99a05]" name="afterMethod" is-config="true" duration-ms="1" started-at="2018-08-13T09:48:24Z" finished-at="2018-08-13T09:48:24Z">
          <reporter-output>
          </reporter-output>
        </test-method> <!-- afterMethod -->
        <test-method status="PASS" signature="beforeMethod()[pri:0, instance:MainScript.Class_1@77f99a05]" name="beforeMethod" is-config="true" duration-ms="3" started-at="2018-08-13T09:48:24Z" finished-at="2018-08-13T09:48:24Z">
          <reporter-output>
          </reporter-output>
        </test-method> <!-- beforeMethod -->
        <test-method status="PASS" signature="f(java.lang.Integer, java.lang.String)[pri:0, instance:MainScript.Class_1@77f99a05]" name="f" duration-ms="2" started-at="2018-08-13T09:48:24Z" data-provider="dp" finished-at="2018-08-13T09:48:24Z">
          <params>
            <param index="0">
              <value>
                <![CDATA[2]]>
              </value>
            </param>
            <param index="1">
              <value>
                <![CDATA[b]]>
              </value>
            </param>
          </params>
          <reporter-output>
          </reporter-output>
        </test-method> <!-- f -->
        <test-method status="PASS" signature="afterMethod()[pri:0, instance:MainScript.Class_1@77f99a05]" name="afterMethod" is-config="true" duration-ms="0" started-at="2018-08-13T09:48:24Z" finished-at="2018-08-13T09:48:24Z">
          <reporter-output>
          </reporter-output>
        </test-method> <!-- afterMethod -->
        <test-method status="PASS" signature="afterClass()[pri:0, instance:MainScript.Class_1@77f99a05]" name="afterClass" is-config="true" duration-ms="0" started-at="2018-08-13T09:48:24Z" finished-at="2018-08-13T09:48:24Z">
          <reporter-output>
          </reporter-output>
        </test-method> <!-- afterClass -->
        <test-method status="PASS" signature="afterTest()[pri:0, instance:MainScript.Class_1@77f99a05]" name="afterTest" is-config="true" duration-ms="1" started-at="2018-08-13T09:48:24Z" finished-at="2018-08-13T09:48:24Z">
          <reporter-output>
          </reporter-output>
        </test-method> <!-- afterTest -->
        <test-method status="PASS" signature="afterSuite()[pri:0, instance:MainScript.Class_1@77f99a05]" name="afterSuite" is-config="true" duration-ms="1" started-at="2018-08-13T09:48:25Z" finished-at="2018-08-13T09:48:25Z">
          <reporter-output>
          </reporter-output>
        </test-method> <!-- afterSuite -->
      </class> <!-- MainScript.Class_1 -->
    </test> <!-- Default test -->
  </suite> <!-- Default suite -->
</testng-results>
