<?xml version="1.0" encoding="UTF-8"?>
<!-- Generated by org.testng.reporters.JUnitXMLReporter -->
<testsuite hostname="win" ignored="9" name="Test" tests="2" failures="1" timestamp="14 Sep 2018 12:50:12 GMT" time="1.305" errors="0">
  <testcase name="AB_Testing" time="1.161" classname="TestScript.Test_ABTesting"/>
  <testcase name="Basic_Auth" time="0.002" classname="TestScript.Test_BasicAuth">
    <failure type="java.lang.NullPointerException">
      <![CDATA[java.lang.NullPointerException
at TestScript.Test_BasicAuth.Basic_Auth(Test_BasicAuth.java:15)
... Removed 25 stack frames]]>
    </failure>
  </testcase> <!-- Basic_Auth -->
  <testcase name="DynamicControls" time="0.0" classname="TestScript.Test_DynamicControls">
    <ignored/>
  </testcase> <!-- DynamicControls -->
  <testcase name="DragandDrop" time="0.0" classname="TestScript.Test_DragandDrop_NotWorking">
    <ignored/>
  </testcase> <!-- DragandDrop -->
  <testcase name="Checkboxes" time="0.0" classname="TestScript.Test_Checkboxes">
    <ignored/>
  </testcase> <!-- Checkboxes -->
  <testcase name="DisappearingElements" time="0.0" classname="TestScript.Test_DisappearingElements">
    <ignored/>
  </testcase> <!-- DisappearingElements -->
  <testcase name="Dropdown" time="0.0" classname="TestScript.Test_Dropdown">
    <ignored/>
  </testcase> <!-- Dropdown -->
  <testcase name="Broken_Images" time="0.0" classname="TestScript.Test_BrokenImages">
    <ignored/>
  </testcase> <!-- Broken_Images -->
  <testcase name="DynamicContent" time="0.0" classname="TestScript.Test_DynamicContent">
    <ignored/>
  </testcase> <!-- DynamicContent -->
  <testcase name="Challenging_DOM" time="0.0" classname="TestScript.Test_ChallengingDOM_NotWorking">
    <ignored/>
  </testcase> <!-- Challenging_DOM -->
  <testcase name="ContextMenu" time="0.0" classname="TestScript.Test_ContextMenu_NotWorking">
    <ignored/>
  </testcase> <!-- ContextMenu -->
</testsuite> <!-- Test -->
