<?xml version="1.0" encoding="UTF-8"?>
<!-- Generated by org.testng.reporters.JUnitXMLReporter -->
<testsuite hostname="win" ignored="0" name="Test" tests="1" failures="1" timestamp="13 Aug 2018 11:16:54 GMT" time="13.432" errors="0">
  <testcase name="f" time="0.046" classname="TestScript.Test_1">
    <failure type="java.lang.NullPointerException">
      <![CDATA[java.lang.NullPointerException
at MainScript.pageObject.AB_Testing_click(pageObject.java:127)
at TestScript.Test_ABTesting.Verify(Test_ABTesting.java:15)
at TestScript.Test_1.f(Test_1.java:20)
... Removed 25 stack frames]]>
    </failure>
  </testcase> <!-- f -->
</testsuite> <!-- Test -->
